<?xml version="1.0" encoding="UTF-8"?>
<testng-results skipped="0" failed="1" ignored="0" total="4" passed="3">
  <reporter-output>
  </reporter-output>
  <suite name="Default suite" duration-ms="28708" started-at="2019-01-29T15:35:09Z" finished-at="2019-01-29T15:35:37Z">
    <groups>
    </groups>
    <test name="Default test" duration-ms="28708" started-at="2019-01-29T15:35:09Z" finished-at="2019-01-29T15:35:37Z">
      <class name="testng.Ex1">
        <test-method status="PASS" signature="openBrowser()[pri:0, instance:testng.Ex1@e52dcd]" name="openBrowser" is-config="true" duration-ms="5738" started-at="2019-01-29T21:05:09Z" finished-at="2019-01-29T21:05:14Z">
          <reporter-output>
          </reporter-output>
        </test-method> <!-- openBrowser -->
        <test-method status="PASS" signature="beforeClass()[pri:0, instance:testng.Ex1@e52dcd]" name="beforeClass" is-config="true" duration-ms="0" started-at="2019-01-29T21:05:14Z" finished-at="2019-01-29T21:05:14Z">
          <reporter-output>
          </reporter-output>
        </test-method> <!-- beforeClass -->
        <test-method status="PASS" signature="login()[pri:0, instance:testng.Ex1@e52dcd]" name="login" is-config="true" duration-ms="2138" started-at="2019-01-29T21:05:14Z" finished-at="2019-01-29T21:05:17Z">
          <reporter-output>
          </reporter-output>
        </test-method> <!-- login -->
        <test-method status="FAIL" signature="a()[pri:0, instance:testng.Ex1@e52dcd]" name="a" duration-ms="26" started-at="2019-01-29T21:05:17Z" finished-at="2019-01-29T21:05:17Z">
          <exception class="java.lang.AssertionError">
            <message>
              <![CDATA[expected [12] but found [11]]]>
            </message>
            <full-stacktrace>
              <![CDATA[java.lang.AssertionError: expected [12] but found [11]at org.testng.Assert.fail(Assert.java:96)at org.testng.Assert.failNotEquals(Assert.java:776)at org.testng.Assert.assertEqualsImpl(Assert.java:137)at org.testng.Assert.assertEquals(Assert.java:118)at org.testng.Assert.assertEquals(Assert.java:652)at org.testng.Assert.assertEquals(Assert.java:662)at testng.Ex1.a(Ex1.java:77)at sun.reflect.NativeMethodAccessorImpl.invoke0(Native Method)at sun.reflect.NativeMethodAccessorImpl.invoke(NativeMethodAccessorImpl.java:62)at sun.reflect.DelegatingMethodAccessorImpl.invoke(DelegatingMethodAccessorImpl.java:43)at java.lang.reflect.Method.invoke(Method.java:498)at org.testng.internal.MethodInvocationHelper.invokeMethod(MethodInvocationHelper.java:124)at org.testng.internal.Invoker.invokeMethod(Invoker.java:571)at org.testng.internal.Invoker.invokeTestMethod(Invoker.java:707)at org.testng.internal.Invoker.invokeTestMethods(Invoker.java:979)at org.testng.internal.TestMethodWorker.invokeTestMethods(TestMethodWorker.java:125)at org.testng.internal.TestMethodWorker.run(TestMethodWorker.java:109)at org.testng.TestRunner.privateRun(TestRunner.java:648)at org.testng.TestRunner.run(TestRunner.java:505)at org.testng.SuiteRunner.runTest(SuiteRunner.java:455)at org.testng.SuiteRunner.runSequentially(SuiteRunner.java:450)at org.testng.SuiteRunner.privateRun(SuiteRunner.java:415)at org.testng.SuiteRunner.run(SuiteRunner.java:364)at org.testng.SuiteRunnerWorker.runSuite(SuiteRunnerWorker.java:52)at org.testng.SuiteRunnerWorker.run(SuiteRunnerWorker.java:84)at org.testng.TestNG.runSuitesSequentially(TestNG.java:1187)at org.testng.TestNG.runSuitesLocally(TestNG.java:1116)at org.testng.TestNG.runSuites(TestNG.java:1028)at org.testng.TestNG.run(TestNG.java:996)at org.testng.remote.AbstractRemoteTestNG.run(AbstractRemoteTestNG.java:114)at org.testng.remote.RemoteTestNG.initAndRun(RemoteTestNG.java:251)at org.testng.remote.RemoteTestNG.main(RemoteTestNG.java:77)]]>
            </full-stacktrace>
          </exception> <!-- java.lang.AssertionError -->
          <reporter-output>
          </reporter-output>
        </test-method> <!-- a -->
        <test-method status="PASS" signature="logout()[pri:0, instance:testng.Ex1@e52dcd]" name="logout" is-config="true" duration-ms="641" started-at="2019-01-29T21:05:17Z" finished-at="2019-01-29T21:05:17Z">
          <reporter-output>
          </reporter-output>
        </test-method> <!-- logout -->
        <test-method status="PASS" signature="login()[pri:0, instance:testng.Ex1@e52dcd]" name="login" is-config="true" duration-ms="1171" started-at="2019-01-29T21:05:17Z" finished-at="2019-01-29T21:05:18Z">
          <reporter-output>
          </reporter-output>
        </test-method> <!-- login -->
        <test-method status="PASS" signature="editEmp()[pri:0, instance:testng.Ex1@e52dcd]" name="editEmp" duration-ms="2" started-at="2019-01-29T21:05:18Z" finished-at="2019-01-29T21:05:18Z">
          <reporter-output>
          </reporter-output>
        </test-method> <!-- editEmp -->
        <test-method status="PASS" signature="logout()[pri:0, instance:testng.Ex1@e52dcd]" name="logout" is-config="true" duration-ms="576" started-at="2019-01-29T21:05:18Z" finished-at="2019-01-29T21:05:19Z">
          <reporter-output>
          </reporter-output>
        </test-method> <!-- logout -->
        <test-method status="PASS" signature="login()[pri:0, instance:testng.Ex1@e52dcd]" name="login" is-config="true" duration-ms="1080" started-at="2019-01-29T21:05:19Z" finished-at="2019-01-29T21:05:20Z">
          <reporter-output>
          </reporter-output>
        </test-method> <!-- login -->
        <test-method status="PASS" signature="verifyLogin()[pri:0, instance:testng.Ex1@e52dcd]" name="verifyLogin" duration-ms="21" started-at="2019-01-29T21:05:20Z" finished-at="2019-01-29T21:05:20Z">
          <reporter-output>
          </reporter-output>
        </test-method> <!-- verifyLogin -->
        <test-method status="PASS" signature="logout()[pri:0, instance:testng.Ex1@e52dcd]" name="logout" is-config="true" duration-ms="564" started-at="2019-01-29T21:05:20Z" finished-at="2019-01-29T21:05:21Z">
          <reporter-output>
          </reporter-output>
        </test-method> <!-- logout -->
        <test-method status="PASS" signature="login()[pri:0, instance:testng.Ex1@e52dcd]" name="login" is-config="true" duration-ms="1040" started-at="2019-01-29T21:05:21Z" finished-at="2019-01-29T21:05:22Z">
          <reporter-output>
          </reporter-output>
        </test-method> <!-- login -->
        <test-method status="PASS" signature="addEmp()[pri:1, instance:testng.Ex1@e52dcd]" name="addEmp" duration-ms="14786" started-at="2019-01-29T21:05:22Z" finished-at="2019-01-29T21:05:36Z">
          <reporter-output>
          </reporter-output>
        </test-method> <!-- addEmp -->
        <test-method status="PASS" signature="logout()[pri:0, instance:testng.Ex1@e52dcd]" name="logout" is-config="true" duration-ms="698" started-at="2019-01-29T21:05:36Z" finished-at="2019-01-29T21:05:37Z">
          <reporter-output>
          </reporter-output>
        </test-method> <!-- logout -->
        <test-method status="PASS" signature="afterClass()[pri:0, instance:testng.Ex1@e52dcd]" name="afterClass" is-config="true" duration-ms="0" started-at="2019-01-29T21:05:37Z" finished-at="2019-01-29T21:05:37Z">
          <reporter-output>
          </reporter-output>
        </test-method> <!-- afterClass -->
        <test-method status="PASS" signature="closeBrowser()[pri:0, instance:testng.Ex1@e52dcd]" name="closeBrowser" is-config="true" duration-ms="157" started-at="2019-01-29T21:05:37Z" finished-at="2019-01-29T21:05:37Z">
          <reporter-output>
          </reporter-output>
        </test-method> <!-- closeBrowser -->
      </class> <!-- testng.Ex1 -->
    </test> <!-- Default test -->
  </suite> <!-- Default suite -->
</testng-results>
